<?xml version="1.0" encoding="UTF-8" ?>
<testsuites>
  <testsuite errors="0" failures="0" hostname="homersimpson" id="0" name="BaseAudioSegmentTest" package="org.jvoicexml.jsapi2" tests="1" time="0.071" timestamp="2013-09-17T13:13:20">
      <properties>
[...]
</properties>

      <testcase classname="org.jvoicexml.jsapi2.BaseAudioSegmentTest" name="testOpenInputStream" time="0.003" />

      <system-out />

      <system-err />

  </testsuite>
  <testsuite errors="0" failures="0" hostname="homersimpson" id="1" name="BaseEngineStateTransitionTest" package="org.jvoicexml.jsapi2" tests="2" time="0.042" timestamp="2013-09-17T13:13:20">
      <properties>
[...]
</properties>

      <testcase classname="org.jvoicexml.jsapi2.BaseEngineStateTransitionTest" name="testAllocate" time="0.035" />

      <testcase classname="org.jvoicexml.jsapi2.BaseEngineStateTransitionTest" name="testDeallocate" time="0.001" />

      <system-out />

      <system-err />

  </testsuite>
  <testsuite errors="0" failures="0" hostname="homersimpson" id="2" name="ThreadSpeechEventExecutorTest" package="org.jvoicexml.jsapi2" tests="1" time="0.01" timestamp="2013-09-17T13:13:20">
      <properties>
[...]
</properties>

      <testcase classname="org.jvoicexml.jsapi2.ThreadSpeechEventExecutorTest" name="testExecute" time="0.005" />

      <system-out />

      <system-err />

  </testsuite>
  <testsuite errors="0" failures="0" hostname="homersimpson" id="3" name="BaseGrammarManagerTest" package="org.jvoicexml.jsapi2.jse.recognition" tests="2" time="0.29" timestamp="2013-09-17T13:13:21">
      <properties>
[...]
</properties>

      <testcase classname="org.jvoicexml.jsapi2.jse.recognition.BaseGrammarManagerTest" name="testCreateRuleGrammarReader" time="0.282" />

      <testcase classname="org.jvoicexml.jsapi2.jse.recognition.BaseGrammarManagerTest" name="testCreateRuleGrammarStringString" time="0.001" />

      <system-out />

      <system-err />

  </testsuite>
  <testsuite errors="0" failures="0" hostname="homersimpson" id="4" name="BaseResultTest" package="org.jvoicexml.jsapi2.jse.recognition" tests="1" time="0.046" timestamp="2013-09-17T13:13:21">
      <properties>
[...]
</properties>

      <testcase classname="org.jvoicexml.jsapi2.jse.recognition.BaseResultTest" name="testGetTags" time="0.041" />

      <system-out><![CDATA[<?xml version="1.0" encoding="UTF-8"?> 
<!DOCTYPE grammar PUBLIC "-//W3C//DTD GRAMMAR 1.0//EN" "http://www.w3.org/TR/speech-grammar/grammar.dtd"> 
<grammar version="1.0" mode="voice" xml:lang="en" root="null" tag-format="" xmlns="http://www.w3.org/2001/06/grammar">
</grammar>
null
]]></system-out>

      <system-err />

  </testsuite>
  <testsuite errors="0" failures="0" hostname="homersimpson" id="5" name="JseBaseSynthesizerTest" package="org.jvoicexml.jsapi2.jse.synthesis" tests="1" time="0.031" timestamp="2013-09-17T13:13:21">
      <properties>
[...]
</properties>

      <testcase classname="org.jvoicexml.jsapi2.jse.synthesis.JseBaseSynthesizerTest" name="testAllocate" time="0.026" />

      <system-out />

      <system-err />

  </testsuite>
  <testsuite errors="1" failures="0" hostname="homersimpson" id="6" name="JavaSoundParserTest" package="org.jvoicexml.jsapi2.protocols" tests="1" time="0.013" timestamp="2013-09-17T13:13:21">
      <properties>
[...]
</properties>

      <testcase classname="org.jvoicexml.jsapi2.protocols.JavaSoundParserTest" name="testParse" time="0.009">
          <error message="unknown protocol: playback" type="java.net.MalformedURLException">java.net.MalformedURLException: unknown protocol: playback
	at java.net.URL.&lt;init&gt;(URL.java:592)
	at java.net.URL.&lt;init&gt;(URL.java:482)
	at java.net.URL.&lt;init&gt;(URL.java:431)
	at org.jvoicexml.jsapi2.protocols.JavaSoundParserTest.testParse(JavaSoundParserTest.java:40)
</error>

      </testcase>

      <system-out />

      <system-err />

  </testsuite>
  <testsuite errors="2" failures="0" hostname="homersimpson" id="7" name="CaptureURLConnectionTest" package="org.jvoicexml.jsapi2.protocols.capture" tests="2" time="0.021" timestamp="2013-09-17T13:13:21">
      <properties>
[...]
</properties>

      <testcase classname="org.jvoicexml.jsapi2.protocols.capture.CaptureURLConnectionTest" name="testGetOutputStream" time="0.003">
          <error message="Unexpected exception, expected&lt;java.net.UnknownServiceException&gt; but was&lt;java.net.MalformedURLException&gt;" type="java.lang.Exception">java.lang.Exception: Unexpected exception, expected&lt;java.net.UnknownServiceException&gt; but was&lt;java.net.MalformedURLException&gt;
Caused by: java.net.MalformedURLException: unknown protocol: playback
	at java.net.URL.&lt;init&gt;(URL.java:592)
	at java.net.URL.&lt;init&gt;(URL.java:482)
	at java.net.URL.&lt;init&gt;(URL.java:431)
	at org.jvoicexml.jsapi2.protocols.capture.CaptureURLConnectionTest.testGetOutputStream(CaptureURLConnectionTest.java:50)
</error>

      </testcase>

      <testcase classname="org.jvoicexml.jsapi2.protocols.capture.CaptureURLConnectionTest" name="testGetInputStream" time="0.009">
          <error message="unknown protocol: capture" type="java.net.MalformedURLException">java.net.MalformedURLException: unknown protocol: capture
	at java.net.URL.&lt;init&gt;(URL.java:592)
	at java.net.URL.&lt;init&gt;(URL.java:482)
	at java.net.URL.&lt;init&gt;(URL.java:431)
	at org.jvoicexml.jsapi2.protocols.capture.CaptureURLConnectionTest.testGetInputStream(CaptureURLConnectionTest.java:36)
</error>

      </testcase>

      <system-out />

      <system-err />

  </testsuite>
  <testsuite errors="2" failures="0" hostname="homersimpson" id="8" name="PlaybackURLConnectionTest" package="org.jvoicexml.jsapi2.protocols.playback" tests="2" time="0.06" timestamp="2013-09-17T13:13:21">
      <properties>
[...]
</properties>

      <testcase classname="org.jvoicexml.jsapi2.protocols.playback.PlaybackURLConnectionTest" name="testGetOutputStream" time="0.053">
          <error message="unknown protocol: playback" type="java.net.MalformedURLException">java.net.MalformedURLException: unknown protocol: playback
	at java.net.URL.&lt;init&gt;(URL.java:592)
	at java.net.URL.&lt;init&gt;(URL.java:482)
	at java.net.URL.&lt;init&gt;(URL.java:431)
	at org.jvoicexml.jsapi2.protocols.playback.PlaybackURLConnectionTest.testGetOutputStream(PlaybackURLConnectionTest.java:53)
</error>

      </testcase>

      <testcase classname="org.jvoicexml.jsapi2.protocols.playback.PlaybackURLConnectionTest" name="testGetInputStream" time="0.002">
          <error message="Unexpected exception, expected&lt;java.net.UnknownServiceException&gt; but was&lt;java.net.MalformedURLException&gt;" type="java.lang.Exception">java.lang.Exception: Unexpected exception, expected&lt;java.net.UnknownServiceException&gt; but was&lt;java.net.MalformedURLException&gt;
Caused by: java.net.MalformedURLException: unknown protocol: capture
	at java.net.URL.&lt;init&gt;(URL.java:592)
	at java.net.URL.&lt;init&gt;(URL.java:482)
	at java.net.URL.&lt;init&gt;(URL.java:431)
	at org.jvoicexml.jsapi2.protocols.playback.PlaybackURLConnectionTest.testGetInputStream(PlaybackURLConnectionTest.java:38)
</error>

      </testcase>

      <system-out><![CDATA[PCM_SIGNED 44100.0 Hz, 16 bit, stereo, 4 bytes/frame, little-endian
]]></system-out>

      <system-err />

  </testsuite>
  <testsuite errors="0" failures="0" hostname="homersimpson" id="9" name="RecognizerStateTransitionTest" package="org.jvoicexml.jsapi2.recognition" tests="2" time="0.032" timestamp="2013-09-17T13:13:21">
      <properties>
[...]
</properties>

      <testcase classname="org.jvoicexml.jsapi2.recognition.RecognizerStateTransitionTest" name="testRecognizerFocusedDefocused" time="0.026" />

      <testcase classname="org.jvoicexml.jsapi2.recognition.RecognizerStateTransitionTest" name="testRecognizerPausedResumed" time="0.001" />

      <system-out />

      <system-err />

  </testsuite>
  <testsuite errors="0" failures="0" hostname="homersimpson" id="10" name="PlayQueueTest" package="org.jvoicexml.jsapi2.synthesis" tests="2" time="1.027" timestamp="2013-09-17T13:13:21">
      <properties>
[...]
</properties>

      <testcase classname="org.jvoicexml.jsapi2.synthesis.PlayQueueTest" name="testGetNextQueueItem" time="0.018" />

      <testcase classname="org.jvoicexml.jsapi2.synthesis.PlayQueueTest" name="testGetNextQueueItemNotSynthesized" time="1.004" />

      <system-out />

      <system-err />

  </testsuite>
  <testsuite errors="1" failures="0" hostname="homersimpson" id="11" name="QueueManagerTest" package="org.jvoicexml.jsapi2.synthesis" tests="1" time="2.044" timestamp="2013-09-17T13:13:22">
      <properties>
[...]
</properties>

      <testcase classname="org.jvoicexml.jsapi2.synthesis.QueueManagerTest" name="testAppendItemSpeakableSpeakableListener" time="2.038">
          <error message="test timed out after 2000 milliseconds" type="java.lang.Exception">java.lang.Exception: test timed out after 2000 milliseconds
	at java.lang.Object.wait(Native Method)
	at java.lang.Object.wait(Object.java:503)
	at org.jvoicexml.jsapi2.mock.synthesis.MockSpeakableListener.waitForSize(MockSpeakableListener.java:63)
	at org.jvoicexml.jsapi2.synthesis.QueueManagerTest.testAppendItemSpeakableSpeakableListener(QueueManagerTest.java:70)
</error>

      </testcase>

      <system-out><![CDATA[javax.speech.synthesis.SpeakableEvent[test,SPEAKABLE_STARTED,0,1,null,null]
]]></system-out>

      <system-err />

  </testsuite>
  <testsuite errors="0" failures="0" hostname="homersimpson" id="12" name="SynthesisQueueTest" package="org.jvoicexml.jsapi2.synthesis" tests="5" time="0.053" timestamp="2013-09-17T13:13:24">
      <properties>
[...]
</properties>

      <testcase classname="org.jvoicexml.jsapi2.synthesis.SynthesisQueueTest" name="testGetNextQueueItem" time="0.02" />

      <testcase classname="org.jvoicexml.jsapi2.synthesis.SynthesisQueueTest" name="testGetQueueItem" time="0.009" />

      <testcase classname="org.jvoicexml.jsapi2.synthesis.SynthesisQueueTest" name="testCancelFirstItem" time="0.002" />

      <testcase classname="org.jvoicexml.jsapi2.synthesis.SynthesisQueueTest" name="testIsQueueEmpty" time="0.0" />

      <testcase classname="org.jvoicexml.jsapi2.synthesis.SynthesisQueueTest" name="testCancelItem" time="0.008" />

      <system-out />

      <system-err />

  </testsuite>
  <testsuite errors="0" failures="0" hostname="homersimpson" id="13" name="SynthesizerStateTransitionTest" package="org.jvoicexml.jsapi2.synthesis" tests="2" time="0.033" timestamp="2013-09-17T13:13:24">
      <properties>
[...]
</properties>

      <testcase classname="org.jvoicexml.jsapi2.synthesis.SynthesizerStateTransitionTest" name="testSynthesizerPauseResume" time="0.027" />

      <testcase classname="org.jvoicexml.jsapi2.synthesis.SynthesizerStateTransitionTest" name="testSynthesizerNestedPauseResume" time="0.001" />

      <system-out />

      <system-err />

  </testsuite>
</testsuites>
